<?xml version="1.0" encoding="UTF-8"?>
<testng-results ignored="0" total="1" passed="1" failed="0" skipped="0">
  <reporter-output>
  </reporter-output>
  <suite started-at="2025-02-12T21:11:32 IST" name="Default suite" finished-at="2025-02-12T21:11:52 IST" duration-ms="20754">
    <groups>
    </groups>
    <test started-at="2025-02-12T21:11:32 IST" name="Default test" finished-at="2025-02-12T21:11:52 IST" duration-ms="20754">
      <class name="Practice.BaseClassDemo">
        <test-method is-config="true" signature="openBrowser(java.lang.String)[pri:0, instance:Practice.BaseClassDemo@b9b00e0]" started-at="2025-02-12T21:11:32 IST" name="openBrowser" finished-at="2025-02-12T21:11:49 IST" duration-ms="17699" status="PASS">
          <params>
            <param index="0">
              <value>
                <![CDATA[chrome]]>
              </value>
            </param>
          </params>
          <reporter-output>
          </reporter-output>
        </test-method> <!-- openBrowser -->
        <test-method signature="test()[pri:0, instance:Practice.BaseClassDemo@b9b00e0]" started-at="2025-02-12T21:11:49 IST" name="test" finished-at="2025-02-12T21:11:52 IST" duration-ms="3014" status="PASS">
          <reporter-output>
          </reporter-output>
        </test-method> <!-- test -->
        <test-method is-config="true" signature="closebrowser()[pri:0, instance:Practice.BaseClassDemo@b9b00e0]" started-at="2025-02-12T21:11:52 IST" name="closebrowser" finished-at="2025-02-12T21:11:52 IST" duration-ms="0" status="PASS">
          <reporter-output>
          </reporter-output>
        </test-method> <!-- closebrowser -->
      </class> <!-- Practice.BaseClassDemo -->
    </test> <!-- Default test -->
  </suite> <!-- Default suite -->
</testng-results>
